{"/Users/mk2/git/koa-gzip/index.js":{"path":"/Users/mk2/git/koa-gzip/index.js","s":{"1":1,"2":1,"3":1,"4":1,"5":2,"6":2,"7":2,"8":10,"9":9,"10":9,"11":2,"12":7,"13":1,"14":1,"15":1,"16":6,"17":3,"18":3,"19":2,"20":6,"21":2,"22":4,"23":4,"24":1,"25":3,"26":3},"b":{"1":[2,1],"2":[2,2],"3":[2,7],"4":[9,8,8],"5":[1,6],"6":[3,3],"7":[2,1],"8":[2,4],"9":[1,3]},"f":{"1":2,"2":10},"fnMap":{"1":{"name":"(anonymous_1)","line":22,"loc":{"start":{"line":22,"column":17},"end":{"line":22,"column":36}}},"2":{"name":"gzip","line":27,"loc":{"start":{"line":27,"column":9},"end":{"line":27,"column":30}}}},"statementMap":{"1":{"start":{"line":17,"column":0},"end":{"line":17,"column":27}},"2":{"start":{"line":18,"column":0},"end":{"line":18,"column":40}},"3":{"start":{"line":20,"column":0},"end":{"line":20,"column":32}},"4":{"start":{"line":22,"column":0},"end":{"line":63,"column":2}},"5":{"start":{"line":23,"column":2},"end":{"line":23,"column":26}},"6":{"start":{"line":25,"column":2},"end":{"line":25,"column":55}},"7":{"start":{"line":27,"column":2},"end":{"line":62,"column":4}},"8":{"start":{"line":28,"column":4},"end":{"line":28,"column":15}},"9":{"start":{"line":30,"column":4},"end":{"line":30,"column":25}},"10":{"start":{"line":32,"column":4},"end":{"line":36,"column":5}},"11":{"start":{"line":35,"column":6},"end":{"line":35,"column":13}},"12":{"start":{"line":39,"column":4},"end":{"line":43,"column":5}},"13":{"start":{"line":40,"column":6},"end":{"line":40,"column":43}},"14":{"start":{"line":41,"column":6},"end":{"line":41,"column":47}},"15":{"start":{"line":42,"column":6},"end":{"line":42,"column":13}},"16":{"start":{"line":45,"column":4},"end":{"line":49,"column":5}},"17":{"start":{"line":46,"column":6},"end":{"line":46,"column":30}},"18":{"start":{"line":47,"column":11},"end":{"line":49,"column":5}},"19":{"start":{"line":48,"column":6},"end":{"line":48,"column":46}},"20":{"start":{"line":51,"column":4},"end":{"line":53,"column":5}},"21":{"start":{"line":52,"column":6},"end":{"line":52,"column":13}},"22":{"start":{"line":55,"column":4},"end":{"line":55,"column":32}},"23":{"start":{"line":56,"column":4},"end":{"line":58,"column":5}},"24":{"start":{"line":57,"column":6},"end":{"line":57,"column":13}},"25":{"start":{"line":60,"column":4},"end":{"line":60,"column":41}},"26":{"start":{"line":61,"column":4},"end":{"line":61,"column":20}}},"branchMap":{"1":{"line":23,"type":"binary-expr","locations":[{"start":{"line":23,"column":12},"end":{"line":23,"column":19}},{"start":{"line":23,"column":23},"end":{"line":23,"column":25}}]},"2":{"line":25,"type":"binary-expr","locations":[{"start":{"line":25,"column":22},"end":{"line":25,"column":47}},{"start":{"line":25,"column":51},"end":{"line":25,"column":54}}]},"3":{"line":32,"type":"if","locations":[{"start":{"line":32,"column":4},"end":{"line":32,"column":4}},{"start":{"line":32,"column":4},"end":{"line":32,"column":4}}]},"4":{"line":32,"type":"binary-expr","locations":[{"start":{"line":32,"column":8},"end":{"line":32,"column":27}},{"start":{"line":33,"column":11},"end":{"line":33,"column":16}},{"start":{"line":34,"column":11},"end":{"line":34,"column":51}}]},"5":{"line":39,"type":"if","locations":[{"start":{"line":39,"column":4},"end":{"line":39,"column":4}},{"start":{"line":39,"column":4},"end":{"line":39,"column":4}}]},"6":{"line":45,"type":"if","locations":[{"start":{"line":45,"column":4},"end":{"line":45,"column":4}},{"start":{"line":45,"column":4},"end":{"line":45,"column":4}}]},"7":{"line":47,"type":"if","locations":[{"start":{"line":47,"column":11},"end":{"line":47,"column":11}},{"start":{"line":47,"column":11},"end":{"line":47,"column":11}}]},"8":{"line":51,"type":"if","locations":[{"start":{"line":51,"column":4},"end":{"line":51,"column":4}},{"start":{"line":51,"column":4},"end":{"line":51,"column":4}}]},"9":{"line":56,"type":"if","locations":[{"start":{"line":56,"column":4},"end":{"line":56,"column":4}},{"start":{"line":56,"column":4},"end":{"line":56,"column":4}}]}}}}