TN:
SF:/Users/mk2/git/koa-gzip/index.js
FN:22,(anonymous_1)
FN:27,gzip
FNF:2
FNH:2
FNDA:2,(anonymous_1)
FNDA:10,gzip
DA:17,1
DA:18,1
DA:20,1
DA:22,1
DA:23,2
DA:25,2
DA:27,2
DA:28,10
DA:30,9
DA:32,9
DA:35,2
DA:39,7
DA:40,1
DA:41,1
DA:42,1
DA:45,6
DA:46,3
DA:47,3
DA:48,2
DA:51,6
DA:52,2
DA:55,4
DA:56,4
DA:57,1
DA:60,3
DA:61,3
LF:26
LH:26
BRDA:23,1,0,2
BRDA:23,1,1,1
BRDA:25,2,0,2
BRDA:25,2,1,2
BRDA:32,3,0,2
BRDA:32,3,1,7
BRDA:32,4,0,9
BRDA:32,4,1,8
BRDA:32,4,2,8
BRDA:39,5,0,1
BRDA:39,5,1,6
BRDA:45,6,0,3
BRDA:45,6,1,3
BRDA:47,7,0,2
BRDA:47,7,1,1
BRDA:51,8,0,2
BRDA:51,8,1,4
BRDA:56,9,0,1
BRDA:56,9,1,3
BRF:19
BRH:19
end_of_record
